<?xml version="1.0" encoding="UTF-8"?>
<testng-results skipped="0" failed="0" ignored="0" total="1" passed="1">
  <reporter-output>
    <line>
      <![CDATA[Welcome to test automation execution]]>
    </line>
    <line>
      <![CDATA[Test is running in chrome and runmode as local]]>
    </line>
    <line>
      <![CDATA[com.statwig.workspace.testrunner.HomePageTitleValidationTestRunner started execution]]>
    </line>
    <line>
      <![CDATA[verifyHomePage_Test_001 started execution]]>
    </line>
    <line>
      <![CDATA[chrome browser is opened]]>
    </line>
    <line>
      <![CDATA[step 3 : Read expected title from properties file as :Vaccineledger]]>
    </line>
    <line>
      <![CDATA[step 4 : Got actual title from web page as :Vaccineledger]]>
    </line>
    <line>
      <![CDATA[step 5 : Validation completed]]>
    </line>
    <line>
      <![CDATA[null result execution status passed is = true]]>
    </line>
    <line>
      <![CDATA[verifyHomePage_Test_001 execution is completed]]>
    </line>
    <line>
      <![CDATA[chrome is closed]]>
    </line>
    <line>
      <![CDATA[com.statwig.workspace.testrunner.HomePageTitleValidationTestRunner completed execution]]>
    </line>
    <line>
      <![CDATA[All Tests completed on browserchrome]]>
    </line>
    <line>
      <![CDATA[All Tests Completed - Reports are avilable in target/surefire-reports/emailable-report.html]]>
    </line>
    <line>
      <![CDATA[Screenshots are available in src/resources/screenshots folder]]>
    </line>
  </reporter-output>
  <suite name="Default Suite" duration-ms="6302" started-at="2022-06-08T05:39:39 IST" finished-at="2022-06-08T05:39:45 IST">
    <groups>
      <group name="regression">
        <method signature="HomePageTitleValidationTestRunner.verifyHomePage_Test_001()[pri:0, instance:com.statwig.workspace.testrunner.HomePageTitleValidationTestRunner@1d29cf23]" name="verifyHomePage_Test_001" class="com.statwig.workspace.testrunner.HomePageTitleValidationTestRunner"/>
      </group> <!-- regression -->
      <group name="smoke">
        <method signature="HomePageTitleValidationTestRunner.verifyHomePage_Test_001()[pri:0, instance:com.statwig.workspace.testrunner.HomePageTitleValidationTestRunner@1d29cf23]" name="verifyHomePage_Test_001" class="com.statwig.workspace.testrunner.HomePageTitleValidationTestRunner"/>
      </group> <!-- smoke -->
      <group name="uat">
        <method signature="HomePageTitleValidationTestRunner.verifyHomePage_Test_001()[pri:0, instance:com.statwig.workspace.testrunner.HomePageTitleValidationTestRunner@1d29cf23]" name="verifyHomePage_Test_001" class="com.statwig.workspace.testrunner.HomePageTitleValidationTestRunner"/>
      </group> <!-- uat -->
    </groups>
    <test name="Project_VaccineLedger" duration-ms="6302" started-at="2022-06-08T05:39:39 IST" finished-at="2022-06-08T05:39:45 IST">
      <class name="com.statwig.workspace.testrunner.HomePageTitleValidationTestRunner">
        <test-method status="PASS" signature="beforeSuite()[pri:0, instance:com.statwig.workspace.testrunner.HomePageTitleValidationTestRunner@1d29cf23]" name="beforeSuite" is-config="true" duration-ms="13" started-at="2022-06-08T05:39:39 IST" finished-at="2022-06-08T05:39:39 IST">
          <reporter-output>
            <line>
              <![CDATA[Welcome to test automation execution]]>
            </line>
          </reporter-output>
        </test-method> <!-- beforeSuite -->
        <test-method status="PASS" signature="readTestConfig(java.lang.String,java.lang.String)[pri:0, instance:com.statwig.workspace.testrunner.HomePageTitleValidationTestRunner@1d29cf23]" name="readTestConfig" is-config="true" duration-ms="13" started-at="2022-06-08T05:39:39 IST" finished-at="2022-06-08T05:39:39 IST">
          <params>
            <param index="0">
              <value>
                <![CDATA[chrome]]>
              </value>
            </param>
            <param index="1">
              <value>
                <![CDATA[local]]>
              </value>
            </param>
          </params>
          <reporter-output>
            <line>
              <![CDATA[Test is running in chrome and runmode as local]]>
            </line>
          </reporter-output>
        </test-method> <!-- readTestConfig -->
        <test-method status="PASS" signature="classLogger()[pri:0, instance:com.statwig.workspace.testrunner.HomePageTitleValidationTestRunner@1d29cf23]" name="classLogger" is-config="true" duration-ms="1" started-at="2022-06-08T05:39:39 IST" finished-at="2022-06-08T05:39:39 IST">
          <reporter-output>
            <line>
              <![CDATA[com.statwig.workspace.testrunner.HomePageTitleValidationTestRunner started execution]]>
            </line>
          </reporter-output>
        </test-method> <!-- classLogger -->
        <test-method status="PASS" signature="init(java.lang.reflect.Method)[pri:0, instance:com.statwig.workspace.testrunner.HomePageTitleValidationTestRunner@1d29cf23]" name="init" is-config="true" duration-ms="5329" started-at="2022-06-08T05:39:39 IST" finished-at="2022-06-08T05:39:44 IST">
          <params>
            <param index="0">
              <value>
                <![CDATA[public void com.statwig.workspace.testrunner.HomePageTitleValidationTestRunner.verifyHomePage_Test_001() throws java.lang.InterruptedException]]>
              </value>
            </param>
          </params>
          <reporter-output>
            <line>
              <![CDATA[verifyHomePage_Test_001 started execution]]>
            </line>
            <line>
              <![CDATA[chrome browser is opened]]>
            </line>
          </reporter-output>
        </test-method> <!-- init -->
        <test-method status="PASS" signature="verifyHomePage_Test_001()[pri:0, instance:com.statwig.workspace.testrunner.HomePageTitleValidationTestRunner@1d29cf23]" name="verifyHomePage_Test_001" duration-ms="19" started-at="2022-06-08T05:39:44 IST" finished-at="2022-06-08T05:39:44 IST">
          <reporter-output>
            <line>
              <![CDATA[step 3 : Read expected title from properties file as :Vaccineledger]]>
            </line>
            <line>
              <![CDATA[step 4 : Got actual title from web page as :Vaccineledger]]>
            </line>
            <line>
              <![CDATA[step 5 : Validation completed]]>
            </line>
          </reporter-output>
        </test-method> <!-- verifyHomePage_Test_001 -->
        <test-method status="PASS" signature="closure(org.testng.ITestResult,java.lang.reflect.Method)[pri:0, instance:com.statwig.workspace.testrunner.HomePageTitleValidationTestRunner@1d29cf23]" name="closure" is-config="true" duration-ms="886" started-at="2022-06-08T05:39:44 IST" finished-at="2022-06-08T05:39:45 IST">
          <params>
            <param index="0">
              <value>
                <![CDATA[[TestResult name=verifyHomePage_Test_001 status=SUCCESS method=HomePageTitleValidationTestRunner.verifyHomePage_Test_001()[pri:0, instance:com.statwig.workspace.testrunner.HomePageTitleValidationTestRunner@1d29cf23] output=step 3 : Read expected title from properties file as :Vaccineledger]]]>
              </value>
            </param>
            <param index="1">
              <value>
                <![CDATA[public void com.statwig.workspace.testrunner.HomePageTitleValidationTestRunner.verifyHomePage_Test_001() throws java.lang.InterruptedException]]>
              </value>
            </param>
          </params>
          <reporter-output>
            <line>
              <![CDATA[null result execution status passed is = true]]>
            </line>
            <line>
              <![CDATA[verifyHomePage_Test_001 execution is completed]]>
            </line>
            <line>
              <![CDATA[chrome is closed]]>
            </line>
          </reporter-output>
        </test-method> <!-- closure -->
        <test-method status="PASS" signature="classClosure()[pri:0, instance:com.statwig.workspace.testrunner.HomePageTitleValidationTestRunner@1d29cf23]" name="classClosure" is-config="true" duration-ms="1" started-at="2022-06-08T05:39:45 IST" finished-at="2022-06-08T05:39:45 IST">
          <reporter-output>
            <line>
              <![CDATA[com.statwig.workspace.testrunner.HomePageTitleValidationTestRunner completed execution]]>
            </line>
          </reporter-output>
        </test-method> <!-- classClosure -->
        <test-method status="PASS" signature="testClosure()[pri:0, instance:com.statwig.workspace.testrunner.HomePageTitleValidationTestRunner@1d29cf23]" name="testClosure" is-config="true" duration-ms="1" started-at="2022-06-08T05:39:45 IST" finished-at="2022-06-08T05:39:45 IST">
          <reporter-output>
            <line>
              <![CDATA[All Tests completed on browserchrome]]>
            </line>
          </reporter-output>
        </test-method> <!-- testClosure -->
        <test-method status="PASS" signature="executionCompleted()[pri:0, instance:com.statwig.workspace.testrunner.HomePageTitleValidationTestRunner@1d29cf23]" name="executionCompleted" is-config="true" duration-ms="1" started-at="2022-06-08T05:39:45 IST" finished-at="2022-06-08T05:39:45 IST">
          <reporter-output>
            <line>
              <![CDATA[All Tests Completed - Reports are avilable in target/surefire-reports/emailable-report.html]]>
            </line>
            <line>
              <![CDATA[Screenshots are available in src/resources/screenshots folder]]>
            </line>
          </reporter-output>
        </test-method> <!-- executionCompleted -->
      </class> <!-- com.statwig.workspace.testrunner.HomePageTitleValidationTestRunner -->
    </test> <!-- Project_VaccineLedger -->
  </suite> <!-- Default Suite -->
</testng-results>
